INFO: [HLS 200-10] Running 'C:/Xilinx/Vivado/2019.1/bin/unwrapped/win64.o/vivado_hls.exe'
INFO: [HLS 200-10] For user 'hecaslab' on host 'desktop-72ou1bp' (Windows NT_amd64 version 6.2) on Thu Dec 24 16:40:07 +0800 2020
INFO: [HLS 200-10] In directory 'D:/R03943135/MSOC/self/pp4fpgas/labs/DFT/dft_256_precomputed'
Sourcing Tcl script 'D:/R03943135/MSOC/self/pp4fpgas/labs/DFT/dft_256_precomputed/hls/solution3/csim.tcl'
INFO: [HLS 200-10] Opening project 'D:/R03943135/MSOC/self/pp4fpgas/labs/DFT/dft_256_precomputed/hls'.
INFO: [HLS 200-10] Opening solution 'D:/R03943135/MSOC/self/pp4fpgas/labs/DFT/dft_256_precomputed/hls/solution3'.
INFO: [SYN 201-201] Setting up clock 'default' with a period of 10ns.
INFO: [HLS 200-10] Setting target device to 'xc7z020-clg484-1'
INFO: [SIM 211-2] *************** CSIM start ***************
INFO: [SIM 211-4] CSIM will launch GCC as the compiler.
   Compiling ../../../../dft_test.cpp in debug mode
   Compiling ../../../../dft.cpp in debug mode
   Generating csim.exe
In file included from C:/Xilinx/Vivado/2019.1/include/floating_point_v7_0_bitacc_cmodel.h:143:0,
                 from C:/Xilinx/Vivado/2019.1/include/hls_fpo.h:186,
                 from C:/Xilinx/Vivado/2019.1/include/hls_half.h:44,
                 from C:/Xilinx/Vivado/2019.1/include/etc/ap_private.h:90,
                 from C:/Xilinx/Vivado/2019.1/include/ap_common.h:641,
                 from C:/Xilinx/Vivado/2019.1/include/ap_fixed.h:54,
                 from ../../../../dft.h:2,
                 from ../../../../dft_test.cpp:14:
C:/Xilinx/Vivado/2019.1/include/gmp.h:62:0: warning: "__GMP_LIBGMP_DLL" redefined
 #define __GMP_LIBGMP_DLL  0
 
In file included from C:/Xilinx/Vivado/2019.1/include/hls_fpo.h:186:0,
                 from C:/Xilinx/Vivado/2019.1/include/hls_half.h:44,
                 from C:/Xilinx/Vivado/2019.1/include/etc/ap_private.h:90,
                 from C:/Xilinx/Vivado/2019.1/include/ap_common.h:641,
                 from C:/Xilinx/Vivado/2019.1/include/ap_fixed.h:54,
                 from ../../../../dft.h:2,
                 from ../../../../dft_test.cpp:14:
C:/Xilinx/Vivado/2019.1/include/floating_point_v7_0_bitacc_cmodel.h:135:0: note: this is the location of the previous definition
 #define __GMP_LIBGMP_DLL 1
 
In file included from C:/Xilinx/Vivado/2019.1/include/floating_point_v7_0_bitacc_cmodel.h:143:0,
                 from C:/Xilinx/Vivado/2019.1/include/hls_fpo.h:186,
                 from C:/Xilinx/Vivado/2019.1/include/hls_half.h:44,
                 from C:/Xilinx/Vivado/2019.1/include/etc/ap_private.h:90,
                 from C:/Xilinx/Vivado/2019.1/include/ap_common.h:641,
                 from C:/Xilinx/Vivado/2019.1/include/ap_fixed.h:54,
                 from ../../../../dft.cpp:2:
C:/Xilinx/Vivado/2019.1/include/gmp.h:62:0: warning: "__GMP_LIBGMP_DLL" redefined
 #define __GMP_LIBGMP_DLL  0
 
In file included from C:/Xilinx/Vivado/2019.1/include/hls_fpo.h:186:0,
                 from C:/Xilinx/Vivado/2019.1/include/hls_half.h:44,
                 from C:/Xilinx/Vivado/2019.1/include/etc/ap_private.h:90,
                 from C:/Xilinx/Vivado/2019.1/include/ap_common.h:641,
                 from C:/Xilinx/Vivado/2019.1/include/ap_fixed.h:54,
                 from ../../../../dft.cpp:2:
C:/Xilinx/Vivado/2019.1/include/floating_point_v7_0_bitacc_cmodel.h:135:0: note: this is the location of the previous definition
 #define __GMP_LIBGMP_DLL 1
 
sample_real = 32640
sample_real = -127.999
sample_real = -127.998
sample_real = -127.999
sample_real = -127.998
----------------------------------------------
   RMSE(R)           RMSE(I)
0.050530362874269 0.031856611371040
----------------------------------------------
*******************************************
PASS: The output matches the golden output!
*******************************************
INFO: [SIM 211-1] CSim done with 0 errors.
INFO: [SIM 211-3] *************** CSIM finish ***************
